file name | last modified | file size
C:\Users\lenas\Documents\GitHub\PolAdContent\lib\gslab_make\write_logs.py | 2023-03-02 19:34:12 | 10540
C:\Users\lenas\Documents\GitHub\PolAdContent\lib\gslab_make\private\subprocess_fix.py | 2023-03-02 19:34:12 | 5453
C:\Users\lenas\Documents\GitHub\PolAdContent\lib\gslab_make\__pycache__\tablefill.cpython-37.pyc | 2023-03-02 20:06:20 | 18671
C:\Users\lenas\Documents\GitHub\PolAdContent\lib\gslab_make\check_repo.py | 2023-03-02 19:34:12 | 14676
C:\Users\lenas\Documents\GitHub\PolAdContent\lib\gslab_make\private\exceptionclasses.py | 2023-03-02 19:34:12 | 1542
C:\Users\lenas\Documents\GitHub\PolAdContent\lib\gslab_make\private\__pycache__\metadata.cpython-37.pyc | 2023-03-02 20:06:19 | 2197
C:\Users\lenas\Documents\GitHub\PolAdContent\lib\gslab_make\__pycache__\write_source_logs.cpython-37.pyc | 2023-03-02 20:06:20 | 4794
C:\Users\lenas\Documents\GitHub\PolAdContent\lib\gslab_make\private\__pycache__\utility.cpython-37.pyc | 2023-03-02 20:06:19 | 7071
C:\Users\lenas\Documents\GitHub\PolAdContent\lib\__init__.py | 2023-03-02 19:34:12 | 0
C:\Users\lenas\Documents\GitHub\PolAdContent\lib\gslab_make\__pycache__\run_program.cpython-37.pyc | 2023-03-02 20:06:19 | 31142
C:\Users\lenas\Documents\GitHub\PolAdContent\lib\gslab_make\__pycache__\write_logs.cpython-37.pyc | 2023-03-02 20:06:19 | 8995
C:\Users\lenas\Documents\GitHub\PolAdContent\lib\gslab_make\private\movedirective.py | 2023-03-02 19:34:12 | 12957
C:\Users\lenas\Documents\GitHub\PolAdContent\lib\gslab_make\__pycache__\move_sources.cpython-37.pyc | 2023-03-02 20:06:19 | 18707
C:\Users\lenas\Documents\GitHub\PolAdContent\lib\gslab_make\private\__pycache__\programdirective.cpython-37.pyc | 2023-03-02 20:06:20 | 10178
C:\Users\lenas\Documents\GitHub\PolAdContent\lib\gslab_make\__pycache__\__init__.cpython-37.pyc | 2023-03-02 20:06:19 | 1528
C:\Users\lenas\Documents\GitHub\PolAdContent\lib\gslab_make\__pycache__\make_utility.cpython-37.pyc | 2023-03-02 20:06:20 | 4124
C:\Users\lenas\Documents\GitHub\PolAdContent\lib\gslab_make\__pycache__\check_repo.cpython-37.pyc | 2023-03-02 20:06:19 | 14059
C:\Users\lenas\Documents\GitHub\PolAdContent\lib\gslab_make\run_program.py | 2023-03-02 19:34:12 | 38759
C:\Users\lenas\Documents\GitHub\PolAdContent\lib\gslab_make\private\__pycache__\exceptionclasses.cpython-37.pyc | 2023-03-02 20:06:19 | 2062
C:\Users\lenas\Documents\GitHub\PolAdContent\lib\gslab_make\make_utility.py | 2023-03-02 19:34:12 | 4125
C:\Users\lenas\Documents\GitHub\PolAdContent\lib\gslab_make\private\programdirective.py | 2023-03-02 19:34:12 | 10568
C:\Users\lenas\Documents\GitHub\PolAdContent\lib\gslab_make\modify_dir.py | 2023-03-02 19:34:12 | 7589
C:\Users\lenas\Documents\GitHub\PolAdContent\lib\gslab_make\textfill_info.py | 2023-03-02 19:34:12 | 6314
C:\Users\lenas\Documents\GitHub\PolAdContent\lib\gslab_make\tablefill_info.py | 2023-03-02 19:34:12 | 8432
C:\Users\lenas\Documents\GitHub\PolAdContent\lib\gslab_make\private\messages.py | 2023-03-02 19:34:12 | 6115
C:\Users\lenas\Documents\GitHub\PolAdContent\lib\gslab_make\private\__pycache__\movedirective.cpython-37.pyc | 2023-03-02 20:06:19 | 12549
C:\Users\lenas\Documents\GitHub\PolAdContent\data\output\data_cleaned.csv | 2023-03-02 20:30:03 | 10570924
C:\Users\lenas\Documents\GitHub\PolAdContent\lib\gslab_make\private\__init__.py | 2023-03-02 19:34:12 | 0
C:\Users\lenas\Documents\GitHub\PolAdContent\lib\gslab_make\__pycache__\textfill_info.cpython-37.pyc | 2023-03-02 20:06:20 | 6443
C:\Users\lenas\Documents\GitHub\PolAdContent\lib\gslab_make\private\__pycache__\messages.cpython-37.pyc | 2023-03-02 20:06:19 | 5682
C:\Users\lenas\Documents\GitHub\PolAdContent\lib\gslab_make\private\metadata.py | 2023-03-02 19:34:12 | 4070
C:\Users\lenas\Documents\GitHub\PolAdContent\lib\gslab_make\__pycache__\textfill.cpython-37.pyc | 2023-03-02 20:06:20 | 5217
C:\Users\lenas\Documents\GitHub\PolAdContent\lib\gslab_make\private\utility.py | 2023-03-02 19:34:12 | 8784
C:\Users\lenas\Documents\GitHub\PolAdContent\lib\gslab_make\textfill.py | 2023-03-02 19:34:12 | 5902
C:\Users\lenas\Documents\GitHub\PolAdContent\lib\gslab_make\__init__.py | 2023-03-02 19:34:12 | 2639
C:\Users\lenas\Documents\GitHub\PolAdContent\lib\gslab_make\private\__pycache__\__init__.cpython-37.pyc | 2023-03-02 20:06:19 | 124
C:\Users\lenas\Documents\GitHub\PolAdContent\lib\gslab_make\tablefill.py | 2023-03-02 19:34:12 | 19955
C:\Users\lenas\Documents\GitHub\PolAdContent\lib\stata\standardize_env.do | 2023-03-02 19:34:12 | 187
C:\Users\lenas\Documents\GitHub\PolAdContent\lib\gslab_make\move_sources.py | 2023-03-02 19:34:12 | 19578
C:\Users\lenas\Documents\GitHub\PolAdContent\lib\gslab_make\write_source_logs.py | 2023-03-02 19:34:12 | 5011
C:\Users\lenas\Documents\GitHub\PolAdContent\lib\gslab_make\__pycache__\modify_dir.cpython-37.pyc | 2023-03-02 20:06:19 | 7146
